<?xml version="1.0" encoding="UTF-8"?>
<!-- Generated by org.testng.reporters.JUnitReportReporter -->
<testsuite hostname="DESKTOP-UEB0H0S" name="testDemo.DemoTest" tests="2" failures="0" timestamp="1 Aug 2021 11:02:29 GMT" time="0.020" errors="0">
  <testcase name="Sum" time="0.000" classname="testDemo.DemoTest"/>
  <testcase name="Sub" time="0.020" classname="testDemo.DemoTest"/>
</testsuite> <!-- testDemo.DemoTest -->
